<?xml version="1.0" encoding="UTF-8"?>
<testsuite name="com.Hotelreservations.Hotelreservations.HotelreservationsApplicationTests" tests="1" skipped="0" failures="0" errors="0" timestamp="2023-04-14T15:46:18" hostname="DESKTOP-H7JK71F" time="0.472">
  <properties/>
  <testcase name="contextLoads()" classname="com.Hotelreservations.Hotelreservations.HotelreservationsApplicationTests" time="0.472"/>
  <system-out><![CDATA[10:45:44.901 [Test worker] DEBUG org.springframework.test.context.BootstrapUtils - Instantiating CacheAwareContextLoaderDelegate from class [org.springframework.test.context.cache.DefaultCacheAwareContextLoaderDelegate]
10:45:44.956 [Test worker] DEBUG org.springframework.test.context.BootstrapUtils - Instantiating BootstrapContext using constructor [public org.springframework.test.context.support.DefaultBootstrapContext(java.lang.Class,org.springframework.test.context.CacheAwareContextLoaderDelegate)]
10:45:45.120 [Test worker] DEBUG org.springframework.test.context.BootstrapUtils - Instantiating TestContextBootstrapper for test class [com.Hotelreservations.Hotelreservations.HotelreservationsApplicationTests] from class [org.springframework.boot.test.context.SpringBootTestContextBootstrapper]
10:45:45.198 [Test worker] INFO org.springframework.boot.test.context.SpringBootTestContextBootstrapper - Neither @ContextConfiguration nor @ContextHierarchy found for test class [com.Hotelreservations.Hotelreservations.HotelreservationsApplicationTests], using SpringBootContextLoader
10:45:45.229 [Test worker] DEBUG org.springframework.test.context.support.AbstractContextLoader - Did not detect default resource location for test class [com.Hotelreservations.Hotelreservations.HotelreservationsApplicationTests]: class path resource [com/Hotelreservations/Hotelreservations/HotelreservationsApplicationTests-context.xml] does not exist
10:45:45.229 [Test worker] DEBUG org.springframework.test.context.support.AbstractContextLoader - Did not detect default resource location for test class [com.Hotelreservations.Hotelreservations.HotelreservationsApplicationTests]: class path resource [com/Hotelreservations/Hotelreservations/HotelreservationsApplicationTestsContext.groovy] does not exist
10:45:45.229 [Test worker] INFO org.springframework.test.context.support.AbstractContextLoader - Could not detect default resource locations for test class [com.Hotelreservations.Hotelreservations.HotelreservationsApplicationTests]: no resource found for suffixes {-context.xml, Context.groovy}.
10:45:45.229 [Test worker] INFO org.springframework.test.context.support.AnnotationConfigContextLoaderUtils - Could not detect default configuration classes for test class [com.Hotelreservations.Hotelreservations.HotelreservationsApplicationTests]: HotelreservationsApplicationTests does not declare any static, non-private, non-final, nested classes annotated with @Configuration.
10:45:45.466 [Test worker] DEBUG org.springframework.test.context.support.ActiveProfilesUtils - Could not find an 'annotation declaring class' for annotation type [org.springframework.test.context.ActiveProfiles] and class [com.Hotelreservations.Hotelreservations.HotelreservationsApplicationTests]
10:45:45.891 [Test worker] DEBUG org.springframework.context.annotation.ClassPathScanningCandidateComponentProvider - Identified candidate component class: file [C:\Api-Reservas-Hotel\build\classes\java\main\com\Hotelreservations\Hotelreservations\HotelreservationsApplication.class]
10:45:45.901 [Test worker] INFO org.springframework.boot.test.context.SpringBootTestContextBootstrapper - Found @SpringBootConfiguration com.Hotelreservations.Hotelreservations.HotelreservationsApplication for test class com.Hotelreservations.Hotelreservations.HotelreservationsApplicationTests
10:45:46.556 [Test worker] DEBUG org.springframework.boot.test.context.SpringBootTestContextBootstrapper - @TestExecutionListeners is not present for class [com.Hotelreservations.Hotelreservations.HotelreservationsApplicationTests]: using defaults.
10:45:46.556 [Test worker] INFO org.springframework.boot.test.context.SpringBootTestContextBootstrapper - Loaded default TestExecutionListener class names from location [META-INF/spring.factories]: [org.springframework.boot.test.autoconfigure.restdocs.RestDocsTestExecutionListener, org.springframework.boot.test.autoconfigure.web.client.MockRestServiceServerResetTestExecutionListener, org.springframework.boot.test.autoconfigure.web.servlet.MockMvcPrintOnlyOnFailureTestExecutionListener, org.springframework.boot.test.autoconfigure.web.servlet.WebDriverTestExecutionListener, org.springframework.boot.test.autoconfigure.webservices.client.MockWebServiceServerTestExecutionListener, org.springframework.boot.test.mock.mockito.MockitoTestExecutionListener, org.springframework.boot.test.mock.mockito.ResetMocksTestExecutionListener, org.springframework.test.context.web.ServletTestExecutionListener, org.springframework.test.context.support.DirtiesContextBeforeModesTestExecutionListener, org.springframework.test.context.event.ApplicationEventsTestExecutionListener, org.springframework.test.context.support.DependencyInjectionTestExecutionListener, org.springframework.test.context.support.DirtiesContextTestExecutionListener, org.springframework.test.context.transaction.TransactionalTestExecutionListener, org.springframework.test.context.jdbc.SqlScriptsTestExecutionListener, org.springframework.test.context.event.EventPublishingTestExecutionListener]
10:45:46.634 [Test worker] INFO org.springframework.boot.test.context.SpringBootTestContextBootstrapper - Using TestExecutionListeners: [org.springframework.test.context.web.ServletTestExecutionListener@1bdaa23d, org.springframework.test.context.support.DirtiesContextBeforeModesTestExecutionListener@79f227a9, org.springframework.test.context.event.ApplicationEventsTestExecutionListener@6ca320ab, org.springframework.boot.test.mock.mockito.MockitoTestExecutionListener@50d68830, org.springframework.boot.test.autoconfigure.SpringBootDependencyInjectionTestExecutionListener@1e53135d, org.springframework.test.context.support.DirtiesContextTestExecutionListener@7674a051, org.springframework.test.context.transaction.TransactionalTestExecutionListener@3a7704c, org.springframework.test.context.jdbc.SqlScriptsTestExecutionListener@6754ef00, org.springframework.test.context.event.EventPublishingTestExecutionListener@619bd14c, org.springframework.boot.test.autoconfigure.restdocs.RestDocsTestExecutionListener@323e8306, org.springframework.boot.test.autoconfigure.web.client.MockRestServiceServerResetTestExecutionListener@a23a01d, org.springframework.boot.test.autoconfigure.web.servlet.MockMvcPrintOnlyOnFailureTestExecutionListener@4acf72b6, org.springframework.boot.test.autoconfigure.web.servlet.WebDriverTestExecutionListener@7561db12, org.springframework.boot.test.autoconfigure.webservices.client.MockWebServiceServerTestExecutionListener@3301500b, org.springframework.boot.test.mock.mockito.ResetMocksTestExecutionListener@24b52d3e]
10:45:46.649 [Test worker] DEBUG org.springframework.test.context.support.AbstractDirtiesContextTestExecutionListener - Before test class: context [DefaultTestContext@78e16155 testClass = HotelreservationsApplicationTests, testInstance = [null], testMethod = [null], testException = [null], mergedContextConfiguration = [WebMergedContextConfiguration@54a3ab8f testClass = HotelreservationsApplicationTests, locations = '{}', classes = '{class com.Hotelreservations.Hotelreservations.HotelreservationsApplication}', contextInitializerClasses = '[]', activeProfiles = '{}', propertySourceLocations = '{}', propertySourceProperties = '{org.springframework.boot.test.context.SpringBootTestContextBootstrapper=true}', contextCustomizers = set[org.springframework.boot.test.autoconfigure.actuate.metrics.MetricsExportContextCustomizerFactory$DisableMetricExportContextCustomizer@18230356, org.springframework.boot.test.autoconfigure.properties.PropertyMappingContextCustomizer@0, org.springframework.boot.test.autoconfigure.web.servlet.WebDriverContextCustomizerFactory$Customizer@12bcd0c0, org.springframework.boot.test.context.filter.ExcludeFilterContextCustomizer@4678a2eb, org.springframework.boot.test.json.DuplicateJsonObjectContextCustomizerFactory$DuplicateJsonObjectContextCustomizer@1fdfafd2, org.springframework.boot.test.mock.mockito.MockitoContextCustomizer@0, org.springframework.boot.test.web.client.TestRestTemplateContextCustomizer@66ce957f, org.springframework.boot.test.context.SpringBootTestArgs@1, org.springframework.boot.test.context.SpringBootTestWebEnvironment@5f0fd5a0], resourceBasePath = 'src/main/webapp', contextLoader = 'org.springframework.boot.test.context.SpringBootContextLoader', parent = [null]], attributes = map['org.springframework.test.context.web.ServletTestExecutionListener.activateListener' -> true]], class annotated with @DirtiesContext [false] with mode [null].

  .   ____          _            __ _ _
 /\\ / ___'_ __ _ _(_)_ __  __ _ \ \ \ \
( ( )\___ | '_ | '_| | '_ \/ _` | \ \ \ \
 \\/  ___)| |_)| | | | | || (_| |  ) ) ) )
  '  |____| .__|_| |_|_| |_\__, | / / / /
 =========|_|==============|___/=/_/_/_/
 :: Spring Boot ::      (v2.7.11-SNAPSHOT)

2023-04-14 10:45:49.021  INFO 11112 --- [    Test worker] c.H.H.HotelreservationsApplicationTests  : Starting HotelreservationsApplicationTests using Java 11.0.12 on DESKTOP-H7JK71F with PID 11112 (started by Usuario in C:\Api-Reservas-Hotel)
2023-04-14 10:45:49.021  INFO 11112 --- [    Test worker] c.H.H.HotelreservationsApplicationTests  : No active profile set, falling back to 1 default profile: "default"
2023-04-14 10:45:56.435  INFO 11112 --- [    Test worker] .s.d.r.c.RepositoryConfigurationDelegate : Bootstrapping Spring Data JPA repositories in DEFAULT mode.
2023-04-14 10:45:56.919  INFO 11112 --- [    Test worker] .s.d.r.c.RepositoryConfigurationDelegate : Finished Spring Data repository scanning in 392 ms. Found 3 JPA repository interfaces.
2023-04-14 10:46:00.966  INFO 11112 --- [    Test worker] com.zaxxer.hikari.HikariDataSource       : HikariPool-1 - Starting...
2023-04-14 10:46:01.997  INFO 11112 --- [    Test worker] com.zaxxer.hikari.HikariDataSource       : HikariPool-1 - Start completed.
2023-04-14 10:46:02.753  INFO 11112 --- [    Test worker] o.hibernate.jpa.internal.util.LogHelper  : HHH000204: Processing PersistenceUnitInfo [name: default]
2023-04-14 10:46:03.525  INFO 11112 --- [    Test worker] org.hibernate.Version                    : HHH000412: Hibernate ORM core version 5.6.15.Final
2023-04-14 10:46:04.936  INFO 11112 --- [    Test worker] o.hibernate.annotations.common.Version   : HCANN000001: Hibernate Commons Annotations {5.1.2.Final}
2023-04-14 10:46:05.928  INFO 11112 --- [    Test worker] org.hibernate.dialect.Dialect            : HHH000400: Using dialect: org.hibernate.dialect.H2Dialect
2023-04-14 10:46:09.022  INFO 11112 --- [    Test worker] o.h.e.t.j.p.i.JtaPlatformInitiator       : HHH000490: Using JtaPlatform implementation: [org.hibernate.engine.transaction.jta.platform.internal.NoJtaPlatform]
2023-04-14 10:46:09.069  INFO 11112 --- [    Test worker] j.LocalContainerEntityManagerFactoryBean : Initialized JPA EntityManagerFactory for persistence unit 'default'
2023-04-14 10:46:12.710  WARN 11112 --- [    Test worker] JpaBaseConfiguration$JpaWebConfiguration : spring.jpa.open-in-view is enabled by default. Therefore, database queries may be performed during view rendering. Explicitly configure spring.jpa.open-in-view to disable this warning
2023-04-14 10:46:13.163  INFO 11112 --- [    Test worker] o.s.b.a.h2.H2ConsoleAutoConfiguration    : H2 console available at '/h2-console'. Database available at 'jdbc:h2:mem:Reservas'
2023-04-14 10:46:15.338  INFO 11112 --- [    Test worker] o.s.s.web.DefaultSecurityFilterChain     : Will secure any request with [org.springframework.security.web.session.DisableEncodeUrlFilter@73bd146c, org.springframework.security.web.context.request.async.WebAsyncManagerIntegrationFilter@1ea78c72, org.springframework.security.web.context.SecurityContextPersistenceFilter@63024843, org.springframework.security.web.header.HeaderWriterFilter@1e387974, org.springframework.security.web.csrf.CsrfFilter@301c622d, org.springframework.security.web.authentication.logout.LogoutFilter@f4b2d13, org.springframework.security.web.authentication.www.BasicAuthenticationFilter@765e5a55, org.springframework.security.web.savedrequest.RequestCacheAwareFilter@1ab780fd, org.springframework.security.web.servletapi.SecurityContextHolderAwareRequestFilter@6b8683b8, org.springframework.security.web.authentication.AnonymousAuthenticationFilter@3437fc4f, org.springframework.security.web.session.SessionManagementFilter@f5314bc, org.springframework.security.web.access.ExceptionTranslationFilter@46d83ec4, org.springframework.security.web.access.intercept.FilterSecurityInterceptor@4f1ea463]
2023-04-14 10:46:18.854  INFO 11112 --- [    Test worker] c.H.H.HotelreservationsApplicationTests  : Started HotelreservationsApplicationTests in 31.815 seconds (JVM running for 40.213)
]]></system-out>
  <system-err><![CDATA[]]></system-err>
</testsuite>
