<?xml version="1.0" encoding="UTF-8"?>
<testsuite name="com.Hotelreservations.HotelReservations.HotelreservationsApplicationTests" tests="1" skipped="0" failures="0" errors="0" timestamp="2023-04-21T20:59:52" hostname="DESKTOP-H7JK71F" time="1.517">
  <properties/>
  <testcase name="contextLoads()" classname="com.Hotelreservations.HotelReservations.HotelreservationsApplicationTests" time="1.517"/>
  <system-out><![CDATA[15:59:48.640 [Test worker] DEBUG org.springframework.test.context.BootstrapUtils - Instantiating CacheAwareContextLoaderDelegate from class [org.springframework.test.context.cache.DefaultCacheAwareContextLoaderDelegate]
15:59:48.676 [Test worker] DEBUG org.springframework.test.context.BootstrapUtils - Instantiating BootstrapContext using constructor [public org.springframework.test.context.support.DefaultBootstrapContext(java.lang.Class,org.springframework.test.context.CacheAwareContextLoaderDelegate)]
15:59:48.805 [Test worker] DEBUG org.springframework.test.context.BootstrapUtils - Instantiating TestContextBootstrapper for test class [com.Hotelreservations.HotelReservations.HotelreservationsApplicationTests] from class [org.springframework.boot.test.context.SpringBootTestContextBootstrapper]
15:59:48.848 [Test worker] INFO org.springframework.boot.test.context.SpringBootTestContextBootstrapper - Neither @ContextConfiguration nor @ContextHierarchy found for test class [com.Hotelreservations.HotelReservations.HotelreservationsApplicationTests], using SpringBootContextLoader
15:59:48.858 [Test worker] DEBUG org.springframework.test.context.support.AbstractContextLoader - Did not detect default resource location for test class [com.Hotelreservations.HotelReservations.HotelreservationsApplicationTests]: class path resource [com/Hotelreservations/HotelReservations/HotelreservationsApplicationTests-context.xml] does not exist
15:59:48.861 [Test worker] DEBUG org.springframework.test.context.support.AbstractContextLoader - Did not detect default resource location for test class [com.Hotelreservations.HotelReservations.HotelreservationsApplicationTests]: class path resource [com/Hotelreservations/HotelReservations/HotelreservationsApplicationTestsContext.groovy] does not exist
15:59:48.862 [Test worker] INFO org.springframework.test.context.support.AbstractContextLoader - Could not detect default resource locations for test class [com.Hotelreservations.HotelReservations.HotelreservationsApplicationTests]: no resource found for suffixes {-context.xml, Context.groovy}.
15:59:49.018 [Test worker] DEBUG org.springframework.test.context.support.ActiveProfilesUtils - Could not find an 'annotation declaring class' for annotation type [org.springframework.test.context.ActiveProfiles] and class [com.Hotelreservations.HotelReservations.HotelreservationsApplicationTests]
15:59:49.430 [Test worker] DEBUG org.springframework.boot.test.context.SpringBootTestContextBootstrapper - @TestExecutionListeners is not present for class [com.Hotelreservations.HotelReservations.HotelreservationsApplicationTests]: using defaults.
15:59:49.432 [Test worker] INFO org.springframework.boot.test.context.SpringBootTestContextBootstrapper - Loaded default TestExecutionListener class names from location [META-INF/spring.factories]: [org.springframework.boot.test.autoconfigure.restdocs.RestDocsTestExecutionListener, org.springframework.boot.test.autoconfigure.web.client.MockRestServiceServerResetTestExecutionListener, org.springframework.boot.test.autoconfigure.web.servlet.MockMvcPrintOnlyOnFailureTestExecutionListener, org.springframework.boot.test.autoconfigure.web.servlet.WebDriverTestExecutionListener, org.springframework.boot.test.autoconfigure.webservices.client.MockWebServiceServerTestExecutionListener, org.springframework.boot.test.mock.mockito.MockitoTestExecutionListener, org.springframework.boot.test.mock.mockito.ResetMocksTestExecutionListener, org.springframework.test.context.web.ServletTestExecutionListener, org.springframework.test.context.support.DirtiesContextBeforeModesTestExecutionListener, org.springframework.test.context.event.ApplicationEventsTestExecutionListener, org.springframework.test.context.support.DependencyInjectionTestExecutionListener, org.springframework.test.context.support.DirtiesContextTestExecutionListener, org.springframework.test.context.transaction.TransactionalTestExecutionListener, org.springframework.test.context.jdbc.SqlScriptsTestExecutionListener, org.springframework.test.context.event.EventPublishingTestExecutionListener]
15:59:49.516 [Test worker] INFO org.springframework.boot.test.context.SpringBootTestContextBootstrapper - Using TestExecutionListeners: [org.springframework.test.context.web.ServletTestExecutionListener@10027fc9, org.springframework.test.context.support.DirtiesContextBeforeModesTestExecutionListener@54afd745, org.springframework.test.context.event.ApplicationEventsTestExecutionListener@677dbd89, org.springframework.boot.test.mock.mockito.MockitoTestExecutionListener@fff25f1, org.springframework.boot.test.autoconfigure.SpringBootDependencyInjectionTestExecutionListener@c00fff0, org.springframework.test.context.support.DirtiesContextTestExecutionListener@263f04ca, org.springframework.test.context.transaction.TransactionalTestExecutionListener@2ca47471, org.springframework.test.context.jdbc.SqlScriptsTestExecutionListener@5a021cb9, org.springframework.test.context.event.EventPublishingTestExecutionListener@51768776, org.springframework.boot.test.autoconfigure.restdocs.RestDocsTestExecutionListener@f31c0c6, org.springframework.boot.test.autoconfigure.web.client.MockRestServiceServerResetTestExecutionListener@b93aad, org.springframework.boot.test.autoconfigure.web.servlet.MockMvcPrintOnlyOnFailureTestExecutionListener@4a9419d7, org.springframework.boot.test.autoconfigure.web.servlet.WebDriverTestExecutionListener@2f3c6ac4, org.springframework.boot.test.autoconfigure.webservices.client.MockWebServiceServerTestExecutionListener@2e8ab815, org.springframework.boot.test.mock.mockito.ResetMocksTestExecutionListener@67af833b]
15:59:49.533 [Test worker] DEBUG org.springframework.test.context.support.AbstractDirtiesContextTestExecutionListener - Before test class: context [DefaultTestContext@50305a testClass = HotelreservationsApplicationTests, testInstance = [null], testMethod = [null], testException = [null], mergedContextConfiguration = [WebMergedContextConfiguration@72efb5c1 testClass = HotelreservationsApplicationTests, locations = '{}', classes = '{class com.Hotelreservations.HotelReservations.HotelreservationsApplicationTests}', contextInitializerClasses = '[]', activeProfiles = '{}', propertySourceLocations = '{}', propertySourceProperties = '{org.springframework.boot.test.context.SpringBootTestContextBootstrapper=true}', contextCustomizers = set[org.springframework.boot.test.autoconfigure.actuate.metrics.MetricsExportContextCustomizerFactory$DisableMetricExportContextCustomizer@ed3068a, org.springframework.boot.test.autoconfigure.properties.PropertyMappingContextCustomizer@0, org.springframework.boot.test.autoconfigure.web.servlet.WebDriverContextCustomizerFactory$Customizer@f73dcd6, org.springframework.boot.test.context.filter.ExcludeFilterContextCustomizer@30d4b288, org.springframework.boot.test.json.DuplicateJsonObjectContextCustomizerFactory$DuplicateJsonObjectContextCustomizer@14c01636, org.springframework.boot.test.mock.mockito.MockitoContextCustomizer@0, org.springframework.boot.test.web.client.TestRestTemplateContextCustomizer@13e3c1c7, org.springframework.boot.test.context.SpringBootTestArgs@1, org.springframework.boot.test.context.SpringBootTestWebEnvironment@295cf707], resourceBasePath = 'src/main/webapp', contextLoader = 'org.springframework.boot.test.context.SpringBootContextLoader', parent = [null]], attributes = map['org.springframework.test.context.web.ServletTestExecutionListener.activateListener' -> true]], class annotated with @DirtiesContext [false] with mode [null].

  .   ____          _            __ _ _
 /\\ / ___'_ __ _ _(_)_ __  __ _ \ \ \ \
( ( )\___ | '_ | '_| | '_ \/ _` | \ \ \ \
 \\/  ___)| |_)| | | | | || (_| |  ) ) ) )
  '  |____| .__|_| |_|_| |_\__, | / / / /
 =========|_|==============|___/=/_/_/_/
 :: Spring Boot ::      (v2.7.11-SNAPSHOT)

2023-04-21 15:59:51.139  INFO 6296 --- [    Test worker] c.H.H.HotelreservationsApplicationTests  : Starting HotelreservationsApplicationTests using Java 11.0.12 on DESKTOP-H7JK71F with PID 6296 (started by Usuario in C:\Api-Reservas-Hotel)
2023-04-21 15:59:51.145  INFO 6296 --- [    Test worker] c.H.H.HotelreservationsApplicationTests  : No active profile set, falling back to 1 default profile: "default"
2023-04-21 15:59:51.839  INFO 6296 --- [    Test worker] c.H.H.HotelreservationsApplicationTests  : Started HotelreservationsApplicationTests in 2.127 seconds (JVM running for 7.171)
]]></system-out>
  <system-err><![CDATA[]]></system-err>
</testsuite>
